2024-12-02 21:53:39 INFO  c.A.A.ApiNoticiasBackendApplication - Starting ApiNoticiasBackendApplication using Java 21.0.5 with PID 45853 (/home/alfredo/Documentos/proyectos/proyectosGit/ProyectoAPINoticias---Integrador-1-Sis.-Software---51643/APINoticias-Backend/build/classes/java/main started by alfredo in /home/alfredo/Documentos/proyectos/proyectosGit/ProyectoAPINoticias---Integrador-1-Sis.-Software---51643)
2024-12-02 21:53:39 DEBUG c.A.A.ApiNoticiasBackendApplication - Running with Spring Boot v3.3.4, Spring v6.1.13
2024-12-02 21:53:39 INFO  c.A.A.ApiNoticiasBackendApplication - No active profile set, falling back to 1 default profile: "default"
2024-12-02 21:53:42 INFO  o.s.b.w.e.tomcat.TomcatWebServer - Tomcat initialized with port 8080 (http)
2024-12-02 21:53:42 INFO  o.a.coyote.http11.Http11NioProtocol - Initializing ProtocolHandler ["http-nio-8080"]
2024-12-02 21:53:42 INFO  o.a.catalina.core.StandardService - Starting service [Tomcat]
2024-12-02 21:53:42 INFO  o.a.catalina.core.StandardEngine - Starting Servlet engine: [Apache Tomcat/10.1.30]
2024-12-02 21:53:43 INFO  o.a.c.c.C.[Tomcat].[localhost].[/] - Initializing Spring embedded WebApplicationContext
2024-12-02 21:53:43 INFO  o.s.b.w.s.c.ServletWebServerApplicationContext - Root WebApplicationContext: initialization completed in 3058 ms
2024-12-02 21:53:43 INFO  c.A.A.R.LineaTiempoRepositorio - Repositorio LineaTiempo inicializado.
2024-12-02 21:53:43 INFO  c.A.A.R.LineaTiempoNoticiaRepositorio - Repositorio LineaTiempoNoticia inicializado.
2024-12-02 21:53:43 INFO  c.A.A.Repositorio.NoticiaRepositorio - Repositorio Noticia inicializado.
2024-12-02 21:53:43 INFO  c.A.A.Repositorio.UsuarioRepositorio - Repositorio Usuario inicializado.
2024-12-02 21:53:43 WARN  o.s.b.a.s.s.UserDetailsServiceAutoConfiguration - 

Using generated security password: ed45bde4-f04d-4995-9c3d-1ff4579d24da

This generated password is for development use only. Your security configuration must be updated before running your application in production.

2024-12-02 21:53:43 INFO  o.s.s.c.a.a.c.InitializeUserDetailsBeanManagerConfigurer$InitializeUserDetailsManagerConfigurer - Global AuthenticationManager configured with UserDetailsService bean with name inMemoryUserDetailsManager
2024-12-02 21:53:44 INFO  o.a.coyote.http11.Http11NioProtocol - Starting ProtocolHandler ["http-nio-8080"]
2024-12-02 21:53:44 WARN  o.s.b.w.s.c.AnnotationConfigServletWebServerApplicationContext - Exception encountered during context initialization - cancelling refresh attempt: org.springframework.context.ApplicationContextException: Failed to start bean 'webServerStartStop'
2024-12-02 21:53:44 INFO  o.s.b.a.l.ConditionEvaluationReportLogger - 

Error starting ApplicationContext. To display the condition evaluation report re-run your application with 'debug' enabled.
2024-12-02 21:53:45 ERROR o.s.boot.SpringApplication - Application run failed
org.springframework.context.ApplicationContextException: Failed to start bean 'webServerStartStop'
	at org.springframework.context.support.DefaultLifecycleProcessor.doStart(DefaultLifecycleProcessor.java:288)
	at org.springframework.context.support.DefaultLifecycleProcessor$LifecycleGroup.start(DefaultLifecycleProcessor.java:472)
	at java.base/java.lang.Iterable.forEach(Iterable.java:75)
	at org.springframework.context.support.DefaultLifecycleProcessor.startBeans(DefaultLifecycleProcessor.java:257)
	at org.springframework.context.support.DefaultLifecycleProcessor.onRefresh(DefaultLifecycleProcessor.java:202)
	at org.springframework.context.support.AbstractApplicationContext.finishRefresh(AbstractApplicationContext.java:990)
	at org.springframework.context.support.AbstractApplicationContext.refresh(AbstractApplicationContext.java:628)
	at org.springframework.boot.web.servlet.context.ServletWebServerApplicationContext.refresh(ServletWebServerApplicationContext.java:146)
	at org.springframework.boot.SpringApplication.refresh(SpringApplication.java:754)
	at org.springframework.boot.SpringApplication.refreshContext(SpringApplication.java:456)
	at org.springframework.boot.SpringApplication.run(SpringApplication.java:335)
	at org.springframework.boot.SpringApplication.run(SpringApplication.java:1363)
	at org.springframework.boot.SpringApplication.run(SpringApplication.java:1352)
	at com.ApiNoticias.APINoticias_Backend.ApiNoticiasBackendApplication.main(ApiNoticiasBackendApplication.java:12)
Caused by: org.springframework.boot.web.server.WebServerException: Unable to start embedded Tomcat server
	at org.springframework.boot.web.embedded.tomcat.TomcatWebServer.start(TomcatWebServer.java:251)
	at org.springframework.boot.web.servlet.context.WebServerStartStopLifecycle.start(WebServerStartStopLifecycle.java:44)
	at org.springframework.context.support.DefaultLifecycleProcessor.doStart(DefaultLifecycleProcessor.java:285)
	... 13 common frames omitted
Caused by: java.lang.IllegalArgumentException: standardService.connector.startFailed
	at org.apache.catalina.core.StandardService.addConnector(StandardService.java:222)
	at org.springframework.boot.web.embedded.tomcat.TomcatWebServer.addPreviouslyRemovedConnectors(TomcatWebServer.java:310)
	at org.springframework.boot.web.embedded.tomcat.TomcatWebServer.start(TomcatWebServer.java:236)
	... 15 common frames omitted
Caused by: org.apache.catalina.LifecycleException: Protocol handler start failed
	at org.apache.catalina.connector.Connector.startInternal(Connector.java:1061)
	at org.apache.catalina.util.LifecycleBase.start(LifecycleBase.java:164)
	at org.apache.catalina.core.StandardService.addConnector(StandardService.java:219)
	... 17 common frames omitted
Caused by: java.net.BindException: La dirección ya se está usando
	at java.base/sun.nio.ch.Net.bind0(Native Method)
	at java.base/sun.nio.ch.Net.bind(Net.java:565)
	at java.base/sun.nio.ch.ServerSocketChannelImpl.netBind(ServerSocketChannelImpl.java:344)
	at java.base/sun.nio.ch.ServerSocketChannelImpl.bind(ServerSocketChannelImpl.java:301)
	at org.apache.tomcat.util.net.NioEndpoint.initServerSocket(NioEndpoint.java:239)
	at org.apache.tomcat.util.net.NioEndpoint.bind(NioEndpoint.java:194)
	at org.apache.tomcat.util.net.AbstractEndpoint.bindWithCleanup(AbstractEndpoint.java:1304)
	at org.apache.tomcat.util.net.AbstractEndpoint.start(AbstractEndpoint.java:1390)
	at org.apache.coyote.AbstractProtocol.start(AbstractProtocol.java:644)
	at org.apache.catalina.connector.Connector.startInternal(Connector.java:1058)
	... 19 common frames omitted
2024-12-02 21:57:00 INFO  c.A.A.ApiNoticiasBackendApplication - Starting ApiNoticiasBackendApplication using Java 21.0.5 with PID 46126 (/home/alfredo/Documentos/proyectos/proyectosGit/ProyectoAPINoticias---Integrador-1-Sis.-Software---51643/APINoticias-Backend/build/classes/java/main started by alfredo in /home/alfredo/Documentos/proyectos/proyectosGit/ProyectoAPINoticias---Integrador-1-Sis.-Software---51643)
2024-12-02 21:57:00 DEBUG c.A.A.ApiNoticiasBackendApplication - Running with Spring Boot v3.3.4, Spring v6.1.13
2024-12-02 21:57:00 INFO  c.A.A.ApiNoticiasBackendApplication - No active profile set, falling back to 1 default profile: "default"
2024-12-02 21:57:03 INFO  o.s.b.w.e.tomcat.TomcatWebServer - Tomcat initialized with port 8080 (http)
2024-12-02 21:57:03 INFO  o.a.coyote.http11.Http11NioProtocol - Initializing ProtocolHandler ["http-nio-8080"]
2024-12-02 21:57:03 INFO  o.a.catalina.core.StandardService - Starting service [Tomcat]
2024-12-02 21:57:03 INFO  o.a.catalina.core.StandardEngine - Starting Servlet engine: [Apache Tomcat/10.1.30]
2024-12-02 21:57:03 INFO  o.a.c.c.C.[Tomcat].[localhost].[/] - Initializing Spring embedded WebApplicationContext
2024-12-02 21:57:03 INFO  o.s.b.w.s.c.ServletWebServerApplicationContext - Root WebApplicationContext: initialization completed in 2620 ms
2024-12-02 21:57:03 INFO  c.A.A.R.LineaTiempoRepositorio - Repositorio LineaTiempo inicializado.
2024-12-02 21:57:03 INFO  c.A.A.R.LineaTiempoNoticiaRepositorio - Repositorio LineaTiempoNoticia inicializado.
2024-12-02 21:57:03 INFO  c.A.A.Repositorio.NoticiaRepositorio - Repositorio Noticia inicializado.
2024-12-02 21:57:03 INFO  c.A.A.Repositorio.UsuarioRepositorio - Repositorio Usuario inicializado.
2024-12-02 21:57:04 WARN  o.s.b.a.s.s.UserDetailsServiceAutoConfiguration - 

Using generated security password: d740bddc-0b6a-4d3e-b78a-42c92ebc6798

This generated password is for development use only. Your security configuration must be updated before running your application in production.

2024-12-02 21:57:04 INFO  o.s.s.c.a.a.c.InitializeUserDetailsBeanManagerConfigurer$InitializeUserDetailsManagerConfigurer - Global AuthenticationManager configured with UserDetailsService bean with name inMemoryUserDetailsManager
2024-12-02 21:57:05 INFO  o.a.coyote.http11.Http11NioProtocol - Starting ProtocolHandler ["http-nio-8080"]
2024-12-02 21:57:05 WARN  o.s.b.w.s.c.AnnotationConfigServletWebServerApplicationContext - Exception encountered during context initialization - cancelling refresh attempt: org.springframework.context.ApplicationContextException: Failed to start bean 'webServerStartStop'
2024-12-02 21:57:05 INFO  o.s.b.a.l.ConditionEvaluationReportLogger - 

Error starting ApplicationContext. To display the condition evaluation report re-run your application with 'debug' enabled.
2024-12-02 21:57:05 ERROR o.s.boot.SpringApplication - Application run failed
org.springframework.context.ApplicationContextException: Failed to start bean 'webServerStartStop'
	at org.springframework.context.support.DefaultLifecycleProcessor.doStart(DefaultLifecycleProcessor.java:288)
	at org.springframework.context.support.DefaultLifecycleProcessor$LifecycleGroup.start(DefaultLifecycleProcessor.java:472)
	at java.base/java.lang.Iterable.forEach(Iterable.java:75)
	at org.springframework.context.support.DefaultLifecycleProcessor.startBeans(DefaultLifecycleProcessor.java:257)
	at org.springframework.context.support.DefaultLifecycleProcessor.onRefresh(DefaultLifecycleProcessor.java:202)
	at org.springframework.context.support.AbstractApplicationContext.finishRefresh(AbstractApplicationContext.java:990)
	at org.springframework.context.support.AbstractApplicationContext.refresh(AbstractApplicationContext.java:628)
	at org.springframework.boot.web.servlet.context.ServletWebServerApplicationContext.refresh(ServletWebServerApplicationContext.java:146)
	at org.springframework.boot.SpringApplication.refresh(SpringApplication.java:754)
	at org.springframework.boot.SpringApplication.refreshContext(SpringApplication.java:456)
	at org.springframework.boot.SpringApplication.run(SpringApplication.java:335)
	at org.springframework.boot.SpringApplication.run(SpringApplication.java:1363)
	at org.springframework.boot.SpringApplication.run(SpringApplication.java:1352)
	at com.ApiNoticias.APINoticias_Backend.ApiNoticiasBackendApplication.main(ApiNoticiasBackendApplication.java:12)
Caused by: org.springframework.boot.web.server.WebServerException: Unable to start embedded Tomcat server
	at org.springframework.boot.web.embedded.tomcat.TomcatWebServer.start(TomcatWebServer.java:251)
	at org.springframework.boot.web.servlet.context.WebServerStartStopLifecycle.start(WebServerStartStopLifecycle.java:44)
	at org.springframework.context.support.DefaultLifecycleProcessor.doStart(DefaultLifecycleProcessor.java:285)
	... 13 common frames omitted
Caused by: java.lang.IllegalArgumentException: standardService.connector.startFailed
	at org.apache.catalina.core.StandardService.addConnector(StandardService.java:222)
	at org.springframework.boot.web.embedded.tomcat.TomcatWebServer.addPreviouslyRemovedConnectors(TomcatWebServer.java:310)
	at org.springframework.boot.web.embedded.tomcat.TomcatWebServer.start(TomcatWebServer.java:236)
	... 15 common frames omitted
Caused by: org.apache.catalina.LifecycleException: Protocol handler start failed
	at org.apache.catalina.connector.Connector.startInternal(Connector.java:1061)
	at org.apache.catalina.util.LifecycleBase.start(LifecycleBase.java:164)
	at org.apache.catalina.core.StandardService.addConnector(StandardService.java:219)
	... 17 common frames omitted
Caused by: java.net.BindException: La dirección ya se está usando
	at java.base/sun.nio.ch.Net.bind0(Native Method)
	at java.base/sun.nio.ch.Net.bind(Net.java:565)
	at java.base/sun.nio.ch.ServerSocketChannelImpl.netBind(ServerSocketChannelImpl.java:344)
	at java.base/sun.nio.ch.ServerSocketChannelImpl.bind(ServerSocketChannelImpl.java:301)
	at org.apache.tomcat.util.net.NioEndpoint.initServerSocket(NioEndpoint.java:239)
	at org.apache.tomcat.util.net.NioEndpoint.bind(NioEndpoint.java:194)
	at org.apache.tomcat.util.net.AbstractEndpoint.bindWithCleanup(AbstractEndpoint.java:1304)
	at org.apache.tomcat.util.net.AbstractEndpoint.start(AbstractEndpoint.java:1390)
	at org.apache.coyote.AbstractProtocol.start(AbstractProtocol.java:644)
	at org.apache.catalina.connector.Connector.startInternal(Connector.java:1058)
	... 19 common frames omitted
2024-12-02 21:59:19 INFO  c.A.A.ApiNoticiasBackendApplication - Starting ApiNoticiasBackendApplication using Java 21.0.5 with PID 46384 (/home/alfredo/Documentos/proyectos/proyectosGit/ProyectoAPINoticias---Integrador-1-Sis.-Software---51643/APINoticias-Backend/build/classes/java/main started by alfredo in /home/alfredo/Documentos/proyectos/proyectosGit/ProyectoAPINoticias---Integrador-1-Sis.-Software---51643)
2024-12-02 21:59:19 DEBUG c.A.A.ApiNoticiasBackendApplication - Running with Spring Boot v3.3.4, Spring v6.1.13
2024-12-02 21:59:19 INFO  c.A.A.ApiNoticiasBackendApplication - No active profile set, falling back to 1 default profile: "default"
2024-12-02 21:59:21 INFO  o.s.b.w.e.tomcat.TomcatWebServer - Tomcat initialized with port 8081 (http)
2024-12-02 21:59:21 INFO  o.a.coyote.http11.Http11NioProtocol - Initializing ProtocolHandler ["http-nio-8081"]
2024-12-02 21:59:21 INFO  o.a.catalina.core.StandardService - Starting service [Tomcat]
2024-12-02 21:59:21 INFO  o.a.catalina.core.StandardEngine - Starting Servlet engine: [Apache Tomcat/10.1.30]
2024-12-02 21:59:21 INFO  o.a.c.c.C.[Tomcat].[localhost].[/] - Initializing Spring embedded WebApplicationContext
2024-12-02 21:59:21 INFO  o.s.b.w.s.c.ServletWebServerApplicationContext - Root WebApplicationContext: initialization completed in 2639 ms
2024-12-02 21:59:22 INFO  c.A.A.R.LineaTiempoRepositorio - Repositorio LineaTiempo inicializado.
2024-12-02 21:59:22 INFO  c.A.A.R.LineaTiempoNoticiaRepositorio - Repositorio LineaTiempoNoticia inicializado.
2024-12-02 21:59:22 INFO  c.A.A.Repositorio.NoticiaRepositorio - Repositorio Noticia inicializado.
2024-12-02 21:59:22 INFO  c.A.A.Repositorio.UsuarioRepositorio - Repositorio Usuario inicializado.
2024-12-02 21:59:22 WARN  o.s.b.a.s.s.UserDetailsServiceAutoConfiguration - 

Using generated security password: b321e456-29df-4a0a-a288-beaeec97713d

This generated password is for development use only. Your security configuration must be updated before running your application in production.

2024-12-02 21:59:22 INFO  o.s.s.c.a.a.c.InitializeUserDetailsBeanManagerConfigurer$InitializeUserDetailsManagerConfigurer - Global AuthenticationManager configured with UserDetailsService bean with name inMemoryUserDetailsManager
2024-12-02 21:59:23 INFO  o.a.coyote.http11.Http11NioProtocol - Starting ProtocolHandler ["http-nio-8081"]
2024-12-02 21:59:23 INFO  o.s.b.w.e.tomcat.TomcatWebServer - Tomcat started on port 8081 (http) with context path '/'
2024-12-02 21:59:23 INFO  c.A.A.ApiNoticiasBackendApplication - Started ApiNoticiasBackendApplication in 5.772 seconds (process running for 6.441)
2024-12-02 21:59:23 DEBUG c.A.A.ApiNoticiasBackendApplication - error prueba
2024-12-02 22:02:05 INFO  c.A.A.ApiNoticiasBackendApplication - Starting ApiNoticiasBackendApplication using Java 21.0.5 with PID 46774 (/home/alfredo/Documentos/proyectos/proyectosGit/ProyectoAPINoticias---Integrador-1-Sis.-Software---51643/APINoticias-Backend/build/classes/java/main started by alfredo in /home/alfredo/Documentos/proyectos/proyectosGit/ProyectoAPINoticias---Integrador-1-Sis.-Software---51643)
2024-12-02 22:02:05 DEBUG c.A.A.ApiNoticiasBackendApplication - Running with Spring Boot v3.3.4, Spring v6.1.13
2024-12-02 22:02:05 INFO  c.A.A.ApiNoticiasBackendApplication - No active profile set, falling back to 1 default profile: "default"
2024-12-02 22:02:08 INFO  o.s.b.w.e.tomcat.TomcatWebServer - Tomcat initialized with port 8080 (http)
2024-12-02 22:02:08 INFO  o.a.coyote.http11.Http11NioProtocol - Initializing ProtocolHandler ["http-nio-8080"]
2024-12-02 22:02:08 INFO  o.a.catalina.core.StandardService - Starting service [Tomcat]
2024-12-02 22:02:08 INFO  o.a.catalina.core.StandardEngine - Starting Servlet engine: [Apache Tomcat/10.1.30]
2024-12-02 22:02:08 INFO  o.a.c.c.C.[Tomcat].[localhost].[/] - Initializing Spring embedded WebApplicationContext
2024-12-02 22:02:08 INFO  o.s.b.w.s.c.ServletWebServerApplicationContext - Root WebApplicationContext: initialization completed in 2510 ms
2024-12-02 22:02:08 INFO  c.A.A.R.LineaTiempoRepositorio - Repositorio LineaTiempo inicializado.
2024-12-02 22:02:08 INFO  c.A.A.R.LineaTiempoNoticiaRepositorio - Repositorio LineaTiempoNoticia inicializado.
2024-12-02 22:02:08 INFO  c.A.A.Repositorio.NoticiaRepositorio - Repositorio Noticia inicializado.
2024-12-02 22:02:08 INFO  c.A.A.Repositorio.UsuarioRepositorio - Repositorio Usuario inicializado.
2024-12-02 22:02:09 WARN  o.s.b.a.s.s.UserDetailsServiceAutoConfiguration - 

Using generated security password: 85969cfb-4e3e-415f-afeb-4b96b4563ade

This generated password is for development use only. Your security configuration must be updated before running your application in production.

2024-12-02 22:02:09 INFO  o.s.s.c.a.a.c.InitializeUserDetailsBeanManagerConfigurer$InitializeUserDetailsManagerConfigurer - Global AuthenticationManager configured with UserDetailsService bean with name inMemoryUserDetailsManager
2024-12-02 22:02:10 INFO  o.a.coyote.http11.Http11NioProtocol - Starting ProtocolHandler ["http-nio-8080"]
2024-12-02 22:02:10 WARN  o.s.b.w.s.c.AnnotationConfigServletWebServerApplicationContext - Exception encountered during context initialization - cancelling refresh attempt: org.springframework.context.ApplicationContextException: Failed to start bean 'webServerStartStop'
2024-12-02 22:02:10 INFO  o.s.b.a.l.ConditionEvaluationReportLogger - 

Error starting ApplicationContext. To display the condition evaluation report re-run your application with 'debug' enabled.
2024-12-02 22:02:10 ERROR o.s.boot.SpringApplication - Application run failed
org.springframework.context.ApplicationContextException: Failed to start bean 'webServerStartStop'
	at org.springframework.context.support.DefaultLifecycleProcessor.doStart(DefaultLifecycleProcessor.java:288)
	at org.springframework.context.support.DefaultLifecycleProcessor$LifecycleGroup.start(DefaultLifecycleProcessor.java:472)
	at java.base/java.lang.Iterable.forEach(Iterable.java:75)
	at org.springframework.context.support.DefaultLifecycleProcessor.startBeans(DefaultLifecycleProcessor.java:257)
	at org.springframework.context.support.DefaultLifecycleProcessor.onRefresh(DefaultLifecycleProcessor.java:202)
	at org.springframework.context.support.AbstractApplicationContext.finishRefresh(AbstractApplicationContext.java:990)
	at org.springframework.context.support.AbstractApplicationContext.refresh(AbstractApplicationContext.java:628)
	at org.springframework.boot.web.servlet.context.ServletWebServerApplicationContext.refresh(ServletWebServerApplicationContext.java:146)
	at org.springframework.boot.SpringApplication.refresh(SpringApplication.java:754)
	at org.springframework.boot.SpringApplication.refreshContext(SpringApplication.java:456)
	at org.springframework.boot.SpringApplication.run(SpringApplication.java:335)
	at org.springframework.boot.SpringApplication.run(SpringApplication.java:1363)
	at org.springframework.boot.SpringApplication.run(SpringApplication.java:1352)
	at com.ApiNoticias.APINoticias_Backend.ApiNoticiasBackendApplication.main(ApiNoticiasBackendApplication.java:12)
Caused by: org.springframework.boot.web.server.WebServerException: Unable to start embedded Tomcat server
	at org.springframework.boot.web.embedded.tomcat.TomcatWebServer.start(TomcatWebServer.java:251)
	at org.springframework.boot.web.servlet.context.WebServerStartStopLifecycle.start(WebServerStartStopLifecycle.java:44)
	at org.springframework.context.support.DefaultLifecycleProcessor.doStart(DefaultLifecycleProcessor.java:285)
	... 13 common frames omitted
Caused by: java.lang.IllegalArgumentException: standardService.connector.startFailed
	at org.apache.catalina.core.StandardService.addConnector(StandardService.java:222)
	at org.springframework.boot.web.embedded.tomcat.TomcatWebServer.addPreviouslyRemovedConnectors(TomcatWebServer.java:310)
	at org.springframework.boot.web.embedded.tomcat.TomcatWebServer.start(TomcatWebServer.java:236)
	... 15 common frames omitted
Caused by: org.apache.catalina.LifecycleException: Protocol handler start failed
	at org.apache.catalina.connector.Connector.startInternal(Connector.java:1061)
	at org.apache.catalina.util.LifecycleBase.start(LifecycleBase.java:164)
	at org.apache.catalina.core.StandardService.addConnector(StandardService.java:219)
	... 17 common frames omitted
Caused by: java.net.BindException: La dirección ya se está usando
	at java.base/sun.nio.ch.Net.bind0(Native Method)
	at java.base/sun.nio.ch.Net.bind(Net.java:565)
	at java.base/sun.nio.ch.ServerSocketChannelImpl.netBind(ServerSocketChannelImpl.java:344)
	at java.base/sun.nio.ch.ServerSocketChannelImpl.bind(ServerSocketChannelImpl.java:301)
	at org.apache.tomcat.util.net.NioEndpoint.initServerSocket(NioEndpoint.java:239)
	at org.apache.tomcat.util.net.NioEndpoint.bind(NioEndpoint.java:194)
	at org.apache.tomcat.util.net.AbstractEndpoint.bindWithCleanup(AbstractEndpoint.java:1304)
	at org.apache.tomcat.util.net.AbstractEndpoint.start(AbstractEndpoint.java:1390)
	at org.apache.coyote.AbstractProtocol.start(AbstractProtocol.java:644)
	at org.apache.catalina.connector.Connector.startInternal(Connector.java:1058)
	... 19 common frames omitted
2024-12-02 22:05:45 INFO  c.A.A.ApiNoticiasBackendApplication - Starting ApiNoticiasBackendApplication using Java 21.0.5 with PID 47153 (/home/alfredo/Documentos/proyectos/proyectosGit/ProyectoAPINoticias---Integrador-1-Sis.-Software---51643/APINoticias-Backend/build/classes/java/main started by alfredo in /home/alfredo/Documentos/proyectos/proyectosGit/ProyectoAPINoticias---Integrador-1-Sis.-Software---51643)
2024-12-02 22:05:45 DEBUG c.A.A.ApiNoticiasBackendApplication - Running with Spring Boot v3.3.4, Spring v6.1.13
2024-12-02 22:05:45 INFO  c.A.A.ApiNoticiasBackendApplication - No active profile set, falling back to 1 default profile: "default"
2024-12-02 22:05:48 INFO  o.s.b.w.e.tomcat.TomcatWebServer - Tomcat initialized with port 8080 (http)
2024-12-02 22:05:48 INFO  o.a.coyote.http11.Http11NioProtocol - Initializing ProtocolHandler ["http-nio-8080"]
2024-12-02 22:05:48 INFO  o.a.catalina.core.StandardService - Starting service [Tomcat]
2024-12-02 22:05:48 INFO  o.a.catalina.core.StandardEngine - Starting Servlet engine: [Apache Tomcat/10.1.30]
2024-12-02 22:05:48 INFO  o.a.c.c.C.[Tomcat].[localhost].[/] - Initializing Spring embedded WebApplicationContext
2024-12-02 22:05:48 INFO  o.s.b.w.s.c.ServletWebServerApplicationContext - Root WebApplicationContext: initialization completed in 3221 ms
2024-12-02 22:05:48 INFO  c.A.A.R.LineaTiempoRepositorio - Repositorio LineaTiempo inicializado.
2024-12-02 22:05:49 INFO  c.A.A.R.LineaTiempoNoticiaRepositorio - Repositorio LineaTiempoNoticia inicializado.
2024-12-02 22:05:49 INFO  c.A.A.Repositorio.NoticiaRepositorio - Repositorio Noticia inicializado.
2024-12-02 22:05:49 INFO  c.A.A.Repositorio.UsuarioRepositorio - Repositorio Usuario inicializado.
2024-12-02 22:05:49 WARN  o.s.b.a.s.s.UserDetailsServiceAutoConfiguration - 

Using generated security password: 506d101c-9bd9-4b97-b72b-9bc11c1eb115

This generated password is for development use only. Your security configuration must be updated before running your application in production.

2024-12-02 22:05:49 INFO  o.s.s.c.a.a.c.InitializeUserDetailsBeanManagerConfigurer$InitializeUserDetailsManagerConfigurer - Global AuthenticationManager configured with UserDetailsService bean with name inMemoryUserDetailsManager
2024-12-02 22:05:50 INFO  o.a.coyote.http11.Http11NioProtocol - Starting ProtocolHandler ["http-nio-8080"]
2024-12-02 22:05:50 INFO  o.s.b.w.e.tomcat.TomcatWebServer - Tomcat started on port 8080 (http) with context path '/'
2024-12-02 22:05:50 INFO  c.A.A.ApiNoticiasBackendApplication - Started ApiNoticiasBackendApplication in 6.915 seconds (process running for 7.737)
2024-12-02 22:05:50 DEBUG c.A.A.ApiNoticiasBackendApplication - error prueba
2024-12-02 22:36:32 INFO  c.A.A.ApiNoticiasBackendApplication - Starting ApiNoticiasBackendApplication using Java 21.0.5 with PID 50337 (/home/alfredo/Documentos/proyectos/proyectosGit/ProyectoAPINoticias---Integrador-1-Sis.-Software---51643/APINoticias-Backend/build/classes/java/main started by alfredo in /home/alfredo/Documentos/proyectos/proyectosGit/ProyectoAPINoticias---Integrador-1-Sis.-Software---51643)
2024-12-02 22:36:32 DEBUG c.A.A.ApiNoticiasBackendApplication - Running with Spring Boot v3.3.4, Spring v6.1.13
2024-12-02 22:36:32 INFO  c.A.A.ApiNoticiasBackendApplication - No active profile set, falling back to 1 default profile: "default"
2024-12-02 22:36:34 WARN  o.s.b.w.s.c.AnnotationConfigServletWebServerApplicationContext - Exception encountered during context initialization - cancelling refresh attempt: org.springframework.beans.factory.support.BeanDefinitionOverrideException: Invalid bean definition with name 'delegatingApplicationListener' defined in class path resource [com/ApiNoticias/APINoticias_Backend/Config/SecurityConfig.class]: Cannot register bean definition [Root bean: class [com.ApiNoticias.APINoticias_Backend.Config.SecurityConfig]; scope=; abstract=false; lazyInit=null; autowireMode=3; dependencyCheck=0; autowireCandidate=true; primary=false; factoryBeanName=null; factoryMethodName=delegatingApplicationListener; initMethodNames=null; destroyMethodNames=[(inferred)]; defined in class path resource [com/ApiNoticias/APINoticias_Backend/Config/SecurityConfig.class]] for bean 'delegatingApplicationListener' since there is already [Root bean: class [org.springframework.security.config.annotation.web.configuration.WebSecurityConfiguration]; scope=; abstract=false; lazyInit=null; autowireMode=3; dependencyCheck=0; autowireCandidate=true; primary=false; factoryBeanName=null; factoryMethodName=delegatingApplicationListener; initMethodNames=null; destroyMethodNames=[(inferred)]; defined in class path resource [org/springframework/security/config/annotation/web/configuration/WebSecurityConfiguration.class]] bound.
2024-12-02 22:36:34 INFO  o.s.b.a.l.ConditionEvaluationReportLogger - 

Error starting ApplicationContext. To display the condition evaluation report re-run your application with 'debug' enabled.
2024-12-02 22:36:34 ERROR o.s.b.d.LoggingFailureAnalysisReporter - 

***************************
APPLICATION FAILED TO START
***************************

Description:

The bean 'delegatingApplicationListener', defined in class path resource [com/ApiNoticias/APINoticias_Backend/Config/SecurityConfig.class], could not be registered. A bean with that name has already been defined in class path resource [org/springframework/security/config/annotation/web/configuration/WebSecurityConfiguration.class] and overriding is disabled.

Action:

Consider renaming one of the beans or enabling overriding by setting spring.main.allow-bean-definition-overriding=true

2024-12-02 22:37:12 INFO  c.A.A.ApiNoticiasBackendApplication - Starting ApiNoticiasBackendApplication using Java 21.0.5 with PID 50434 (/home/alfredo/Documentos/proyectos/proyectosGit/ProyectoAPINoticias---Integrador-1-Sis.-Software---51643/APINoticias-Backend/build/classes/java/main started by alfredo in /home/alfredo/Documentos/proyectos/proyectosGit/ProyectoAPINoticias---Integrador-1-Sis.-Software---51643)
2024-12-02 22:37:12 DEBUG c.A.A.ApiNoticiasBackendApplication - Running with Spring Boot v3.3.4, Spring v6.1.13
2024-12-02 22:37:12 INFO  c.A.A.ApiNoticiasBackendApplication - No active profile set, falling back to 1 default profile: "default"
2024-12-02 22:37:13 WARN  o.s.b.w.s.c.AnnotationConfigServletWebServerApplicationContext - Exception encountered during context initialization - cancelling refresh attempt: org.springframework.beans.factory.support.BeanDefinitionOverrideException: Invalid bean definition with name 'delegatingApplicationListener' defined in class path resource [com/ApiNoticias/APINoticias_Backend/Config/SecurityConfig.class]: Cannot register bean definition [Root bean: class [com.ApiNoticias.APINoticias_Backend.Config.SecurityConfig]; scope=; abstract=false; lazyInit=null; autowireMode=3; dependencyCheck=0; autowireCandidate=true; primary=false; factoryBeanName=null; factoryMethodName=delegatingApplicationListener; initMethodNames=null; destroyMethodNames=[(inferred)]; defined in class path resource [com/ApiNoticias/APINoticias_Backend/Config/SecurityConfig.class]] for bean 'delegatingApplicationListener' since there is already [Root bean: class [org.springframework.security.config.annotation.web.configuration.WebSecurityConfiguration]; scope=; abstract=false; lazyInit=null; autowireMode=3; dependencyCheck=0; autowireCandidate=true; primary=false; factoryBeanName=null; factoryMethodName=delegatingApplicationListener; initMethodNames=null; destroyMethodNames=[(inferred)]; defined in class path resource [org/springframework/security/config/annotation/web/configuration/WebSecurityConfiguration.class]] bound.
2024-12-02 22:37:13 INFO  o.s.b.a.l.ConditionEvaluationReportLogger - 

Error starting ApplicationContext. To display the condition evaluation report re-run your application with 'debug' enabled.
2024-12-02 22:37:13 ERROR o.s.b.d.LoggingFailureAnalysisReporter - 

***************************
APPLICATION FAILED TO START
***************************

Description:

The bean 'delegatingApplicationListener', defined in class path resource [com/ApiNoticias/APINoticias_Backend/Config/SecurityConfig.class], could not be registered. A bean with that name has already been defined in class path resource [org/springframework/security/config/annotation/web/configuration/WebSecurityConfiguration.class] and overriding is disabled.

Action:

Consider renaming one of the beans or enabling overriding by setting spring.main.allow-bean-definition-overriding=true

2024-12-02 22:38:54 INFO  c.A.A.ApiNoticiasBackendApplication - Starting ApiNoticiasBackendApplication using Java 21.0.5 with PID 50987 (/home/alfredo/Documentos/proyectos/proyectosGit/ProyectoAPINoticias---Integrador-1-Sis.-Software---51643/APINoticias-Backend/build/classes/java/main started by alfredo in /home/alfredo/Documentos/proyectos/proyectosGit/ProyectoAPINoticias---Integrador-1-Sis.-Software---51643)
2024-12-02 22:38:54 DEBUG c.A.A.ApiNoticiasBackendApplication - Running with Spring Boot v3.3.4, Spring v6.1.13
2024-12-02 22:38:54 INFO  c.A.A.ApiNoticiasBackendApplication - No active profile set, falling back to 1 default profile: "default"
2024-12-02 22:38:56 WARN  o.s.b.w.s.c.AnnotationConfigServletWebServerApplicationContext - Exception encountered during context initialization - cancelling refresh attempt: org.springframework.beans.factory.support.BeanDefinitionOverrideException: Invalid bean definition with name 'delegatingApplicationListener' defined in class path resource [com/ApiNoticias/APINoticias_Backend/Config/SecurityConfig.class]: Cannot register bean definition [Root bean: class [com.ApiNoticias.APINoticias_Backend.Config.SecurityConfig]; scope=; abstract=false; lazyInit=null; autowireMode=3; dependencyCheck=0; autowireCandidate=true; primary=false; factoryBeanName=null; factoryMethodName=delegatingApplicationListener; initMethodNames=null; destroyMethodNames=[(inferred)]; defined in class path resource [com/ApiNoticias/APINoticias_Backend/Config/SecurityConfig.class]] for bean 'delegatingApplicationListener' since there is already [Root bean: class [org.springframework.security.config.annotation.web.configuration.WebSecurityConfiguration]; scope=; abstract=false; lazyInit=null; autowireMode=3; dependencyCheck=0; autowireCandidate=true; primary=false; factoryBeanName=null; factoryMethodName=delegatingApplicationListener; initMethodNames=null; destroyMethodNames=[(inferred)]; defined in class path resource [org/springframework/security/config/annotation/web/configuration/WebSecurityConfiguration.class]] bound.
2024-12-02 22:38:56 INFO  o.s.b.a.l.ConditionEvaluationReportLogger - 

Error starting ApplicationContext. To display the condition evaluation report re-run your application with 'debug' enabled.
2024-12-02 22:38:56 ERROR o.s.b.d.LoggingFailureAnalysisReporter - 

***************************
APPLICATION FAILED TO START
***************************

Description:

The bean 'delegatingApplicationListener', defined in class path resource [com/ApiNoticias/APINoticias_Backend/Config/SecurityConfig.class], could not be registered. A bean with that name has already been defined in class path resource [org/springframework/security/config/annotation/web/configuration/WebSecurityConfiguration.class] and overriding is disabled.

Action:

Consider renaming one of the beans or enabling overriding by setting spring.main.allow-bean-definition-overriding=true

2024-12-02 22:39:10 INFO  c.A.A.ApiNoticiasBackendApplication - Starting ApiNoticiasBackendApplication using Java 21.0.5 with PID 51082 (/home/alfredo/Documentos/proyectos/proyectosGit/ProyectoAPINoticias---Integrador-1-Sis.-Software---51643/APINoticias-Backend/build/classes/java/main started by alfredo in /home/alfredo/Documentos/proyectos/proyectosGit/ProyectoAPINoticias---Integrador-1-Sis.-Software---51643)
2024-12-02 22:39:10 DEBUG c.A.A.ApiNoticiasBackendApplication - Running with Spring Boot v3.3.4, Spring v6.1.13
2024-12-02 22:39:10 INFO  c.A.A.ApiNoticiasBackendApplication - No active profile set, falling back to 1 default profile: "default"
2024-12-02 22:39:11 WARN  o.s.b.w.s.c.AnnotationConfigServletWebServerApplicationContext - Exception encountered during context initialization - cancelling refresh attempt: org.springframework.beans.factory.support.BeanDefinitionOverrideException: Invalid bean definition with name 'delegatingApplicationListener' defined in class path resource [com/ApiNoticias/APINoticias_Backend/Config/SecurityConfig.class]: Cannot register bean definition [Root bean: class [com.ApiNoticias.APINoticias_Backend.Config.SecurityConfig]; scope=; abstract=false; lazyInit=null; autowireMode=3; dependencyCheck=0; autowireCandidate=true; primary=false; factoryBeanName=null; factoryMethodName=delegatingApplicationListener; initMethodNames=null; destroyMethodNames=[(inferred)]; defined in class path resource [com/ApiNoticias/APINoticias_Backend/Config/SecurityConfig.class]] for bean 'delegatingApplicationListener' since there is already [Root bean: class [org.springframework.security.config.annotation.web.configuration.WebSecurityConfiguration]; scope=; abstract=false; lazyInit=null; autowireMode=3; dependencyCheck=0; autowireCandidate=true; primary=false; factoryBeanName=null; factoryMethodName=delegatingApplicationListener; initMethodNames=null; destroyMethodNames=[(inferred)]; defined in class path resource [org/springframework/security/config/annotation/web/configuration/WebSecurityConfiguration.class]] bound.
2024-12-02 22:39:11 INFO  o.s.b.a.l.ConditionEvaluationReportLogger - 

Error starting ApplicationContext. To display the condition evaluation report re-run your application with 'debug' enabled.
2024-12-02 22:39:11 ERROR o.s.b.d.LoggingFailureAnalysisReporter - 

***************************
APPLICATION FAILED TO START
***************************

Description:

The bean 'delegatingApplicationListener', defined in class path resource [com/ApiNoticias/APINoticias_Backend/Config/SecurityConfig.class], could not be registered. A bean with that name has already been defined in class path resource [org/springframework/security/config/annotation/web/configuration/WebSecurityConfiguration.class] and overriding is disabled.

Action:

Consider renaming one of the beans or enabling overriding by setting spring.main.allow-bean-definition-overriding=true

2024-12-02 22:39:22 INFO  c.A.A.ApiNoticiasBackendApplication - Starting ApiNoticiasBackendApplication using Java 21.0.5 with PID 51171 (/home/alfredo/Documentos/proyectos/proyectosGit/ProyectoAPINoticias---Integrador-1-Sis.-Software---51643/APINoticias-Backend/build/classes/java/main started by alfredo in /home/alfredo/Documentos/proyectos/proyectosGit/ProyectoAPINoticias---Integrador-1-Sis.-Software---51643)
2024-12-02 22:39:22 DEBUG c.A.A.ApiNoticiasBackendApplication - Running with Spring Boot v3.3.4, Spring v6.1.13
2024-12-02 22:39:22 INFO  c.A.A.ApiNoticiasBackendApplication - No active profile set, falling back to 1 default profile: "default"
2024-12-02 22:39:24 WARN  o.s.b.w.s.c.AnnotationConfigServletWebServerApplicationContext - Exception encountered during context initialization - cancelling refresh attempt: org.springframework.beans.factory.support.BeanDefinitionOverrideException: Invalid bean definition with name 'delegatingApplicationListener' defined in class path resource [com/ApiNoticias/APINoticias_Backend/Config/SecurityConfig.class]: Cannot register bean definition [Root bean: class [com.ApiNoticias.APINoticias_Backend.Config.SecurityConfig]; scope=; abstract=false; lazyInit=null; autowireMode=3; dependencyCheck=0; autowireCandidate=true; primary=false; factoryBeanName=null; factoryMethodName=delegatingApplicationListener; initMethodNames=null; destroyMethodNames=[(inferred)]; defined in class path resource [com/ApiNoticias/APINoticias_Backend/Config/SecurityConfig.class]] for bean 'delegatingApplicationListener' since there is already [Root bean: class [org.springframework.security.config.annotation.web.configuration.WebSecurityConfiguration]; scope=; abstract=false; lazyInit=null; autowireMode=3; dependencyCheck=0; autowireCandidate=true; primary=false; factoryBeanName=null; factoryMethodName=delegatingApplicationListener; initMethodNames=null; destroyMethodNames=[(inferred)]; defined in class path resource [org/springframework/security/config/annotation/web/configuration/WebSecurityConfiguration.class]] bound.
2024-12-02 22:39:24 INFO  o.s.b.a.l.ConditionEvaluationReportLogger - 

Error starting ApplicationContext. To display the condition evaluation report re-run your application with 'debug' enabled.
2024-12-02 22:39:24 ERROR o.s.b.d.LoggingFailureAnalysisReporter - 

***************************
APPLICATION FAILED TO START
***************************

Description:

The bean 'delegatingApplicationListener', defined in class path resource [com/ApiNoticias/APINoticias_Backend/Config/SecurityConfig.class], could not be registered. A bean with that name has already been defined in class path resource [org/springframework/security/config/annotation/web/configuration/WebSecurityConfiguration.class] and overriding is disabled.

Action:

Consider renaming one of the beans or enabling overriding by setting spring.main.allow-bean-definition-overriding=true

2024-12-02 22:40:05 INFO  c.A.A.ApiNoticiasBackendApplication - Starting ApiNoticiasBackendApplication using Java 21.0.5 with PID 51323 (/home/alfredo/Documentos/proyectos/proyectosGit/ProyectoAPINoticias---Integrador-1-Sis.-Software---51643/APINoticias-Backend/build/classes/java/main started by alfredo in /home/alfredo/Documentos/proyectos/proyectosGit/ProyectoAPINoticias---Integrador-1-Sis.-Software---51643)
2024-12-02 22:40:05 DEBUG c.A.A.ApiNoticiasBackendApplication - Running with Spring Boot v3.3.4, Spring v6.1.13
2024-12-02 22:40:05 INFO  c.A.A.ApiNoticiasBackendApplication - No active profile set, falling back to 1 default profile: "default"
2024-12-02 22:40:07 INFO  o.s.d.r.c.RepositoryConfigurationDelegate - Bootstrapping Spring Data JPA repositories in DEFAULT mode.
2024-12-02 22:40:07 INFO  o.s.d.r.c.RepositoryConfigurationDelegate - Finished Spring Data repository scanning in 34 ms. Found 0 JPA repository interfaces.
2024-12-02 22:40:09 INFO  o.s.b.w.e.tomcat.TomcatWebServer - Tomcat initialized with port 8080 (http)
2024-12-02 22:40:09 INFO  o.a.coyote.http11.Http11NioProtocol - Initializing ProtocolHandler ["http-nio-8080"]
2024-12-02 22:40:09 INFO  o.a.catalina.core.StandardService - Starting service [Tomcat]
2024-12-02 22:40:09 INFO  o.a.catalina.core.StandardEngine - Starting Servlet engine: [Apache Tomcat/10.1.30]
2024-12-02 22:40:09 INFO  o.a.c.c.C.[Tomcat].[localhost].[/] - Initializing Spring embedded WebApplicationContext
2024-12-02 22:40:09 INFO  o.s.b.w.s.c.ServletWebServerApplicationContext - Root WebApplicationContext: initialization completed in 3647 ms
2024-12-02 22:40:09 INFO  com.zaxxer.hikari.HikariDataSource - crud-api - Starting...
2024-12-02 22:40:10 INFO  com.zaxxer.hikari.pool.HikariPool - crud-api - Added connection com.mysql.cj.jdbc.ConnectionImpl@1e495414
2024-12-02 22:40:10 INFO  com.zaxxer.hikari.HikariDataSource - crud-api - Start completed.
2024-12-02 22:40:10 INFO  o.h.jpa.internal.util.LogHelper - HHH000204: Processing PersistenceUnitInfo [name: default]
2024-12-02 22:40:10 INFO  org.hibernate.Version - HHH000412: Hibernate ORM core version 6.5.3.Final
2024-12-02 22:40:10 INFO  o.h.c.i.RegionFactoryInitiator - HHH000026: Second-level cache disabled
2024-12-02 22:40:11 INFO  o.s.o.j.p.SpringPersistenceUnitInfo - No LoadTimeWeaver setup: ignoring JPA class transformer
2024-12-02 22:40:12 INFO  o.h.e.t.j.p.i.JtaPlatformInitiator - HHH000489: No JTA platform available (set 'hibernate.transaction.jta.platform' to enable JTA platform integration)
2024-12-02 22:40:12 INFO  o.s.o.j.LocalContainerEntityManagerFactoryBean - Initialized JPA EntityManagerFactory for persistence unit 'default'
2024-12-02 22:40:12 INFO  c.A.A.R.LineaTiempoRepositorio - Repositorio LineaTiempo inicializado.
2024-12-02 22:40:12 INFO  c.A.A.R.LineaTiempoNoticiaRepositorio - Repositorio LineaTiempoNoticia inicializado.
2024-12-02 22:40:12 INFO  c.A.A.Repositorio.NoticiaRepositorio - Repositorio Noticia inicializado.
2024-12-02 22:40:12 INFO  c.A.A.Repositorio.UsuarioRepositorio - Repositorio Usuario inicializado.
2024-12-02 22:40:12 WARN  o.s.b.a.o.j.JpaBaseConfiguration$JpaWebConfiguration - spring.jpa.open-in-view is enabled by default. Therefore, database queries may be performed during view rendering. Explicitly configure spring.jpa.open-in-view to disable this warning
2024-12-02 22:40:12 WARN  o.s.b.a.s.s.UserDetailsServiceAutoConfiguration - 

Using generated security password: e24906ef-6ab0-42fa-ad77-874b7cc1ff0f

This generated password is for development use only. Your security configuration must be updated before running your application in production.

2024-12-02 22:40:12 INFO  o.s.s.c.a.a.c.InitializeUserDetailsBeanManagerConfigurer$InitializeUserDetailsManagerConfigurer - Global AuthenticationManager configured with UserDetailsService bean with name inMemoryUserDetailsManager
2024-12-02 22:40:13 WARN  o.s.b.a.t.ThymeleafAutoConfiguration$DefaultTemplateResolverConfiguration - Cannot find template location: classpath:/templates/ (please add some templates, check your Thymeleaf configuration, or set spring.thymeleaf.check-template-location=false)
2024-12-02 22:40:14 INFO  o.a.coyote.http11.Http11NioProtocol - Starting ProtocolHandler ["http-nio-8080"]
2024-12-02 22:40:14 INFO  o.s.b.w.e.tomcat.TomcatWebServer - Tomcat started on port 8080 (http) with context path '/'
2024-12-02 22:40:14 INFO  c.A.A.ApiNoticiasBackendApplication - Started ApiNoticiasBackendApplication in 9.847 seconds (process running for 10.733)
2024-12-02 22:40:14 DEBUG c.A.A.ApiNoticiasBackendApplication - error prueba
2024-12-02 22:40:20 INFO  o.a.c.c.C.[Tomcat].[localhost].[/] - Initializing Spring DispatcherServlet 'dispatcherServlet'
2024-12-02 22:40:20 INFO  o.s.web.servlet.DispatcherServlet - Initializing Servlet 'dispatcherServlet'
2024-12-02 22:40:20 INFO  o.s.web.servlet.DispatcherServlet - Completed initialization in 11 ms
2024-12-02 22:40:20 DEBUG c.A.A.Repositorio.UsuarioRepositorio - Validando usuario con correo: luca@gmail.com
2024-12-02 22:40:20 DEBUG c.A.A.Repositorio.UsuarioRepositorio - Mapeando fila de resultado a Usuario para validación: com.ApiNoticias.APINoticias_Backend.Modelo.Usuario@494a4c72
2024-12-02 22:40:20 INFO  c.A.A.Repositorio.UsuarioRepositorio - Usuario autenticado con éxito: com.ApiNoticias.APINoticias_Backend.Modelo.Usuario@494a4c72
