2024-12-02 21:26:41 INFO  c.A.A.ApiNoticiasBackendApplication - Starting ApiNoticiasBackendApplication using Java 21.0.5 with PID 44043 (/home/alfredo/Documentos/proyectos/proyectosGit/ProyectoAPINoticias---Integrador-1-Sis.-Software---51643/APINoticias-Backend/build/classes/java/main started by alfredo in /home/alfredo/Documentos/proyectos/proyectosGit/ProyectoAPINoticias---Integrador-1-Sis.-Software---51643/APINoticias-Backend)
2024-12-02 21:26:41 DEBUG c.A.A.ApiNoticiasBackendApplication - Running with Spring Boot v3.3.4, Spring v6.1.13
2024-12-02 21:26:41 INFO  c.A.A.ApiNoticiasBackendApplication - No active profile set, falling back to 1 default profile: "default"
2024-12-02 21:26:43 INFO  o.s.b.w.e.tomcat.TomcatWebServer - Tomcat initialized with port 8080 (http)
2024-12-02 21:26:43 INFO  o.a.coyote.http11.Http11NioProtocol - Initializing ProtocolHandler ["http-nio-8080"]
2024-12-02 21:26:43 INFO  o.a.catalina.core.StandardService - Starting service [Tomcat]
2024-12-02 21:26:43 INFO  o.a.catalina.core.StandardEngine - Starting Servlet engine: [Apache Tomcat/10.1.30]
2024-12-02 21:26:43 INFO  o.a.c.c.C.[Tomcat].[localhost].[/] - Initializing Spring embedded WebApplicationContext
2024-12-02 21:26:43 INFO  o.s.b.w.s.c.ServletWebServerApplicationContext - Root WebApplicationContext: initialization completed in 2072 ms
2024-12-02 21:26:43 WARN  o.s.b.a.s.s.UserDetailsServiceAutoConfiguration - 

Using generated security password: dec617b9-e6ae-46ac-98a7-6617d027f9c0

This generated password is for development use only. Your security configuration must be updated before running your application in production.

2024-12-02 21:26:43 INFO  o.s.s.c.a.a.c.InitializeUserDetailsBeanManagerConfigurer$InitializeUserDetailsManagerConfigurer - Global AuthenticationManager configured with UserDetailsService bean with name inMemoryUserDetailsManager
2024-12-02 21:26:44 INFO  o.a.coyote.http11.Http11NioProtocol - Starting ProtocolHandler ["http-nio-8080"]
2024-12-02 21:26:44 INFO  o.s.b.w.e.tomcat.TomcatWebServer - Tomcat started on port 8080 (http) with context path '/'
2024-12-02 21:26:44 INFO  c.A.A.ApiNoticiasBackendApplication - Started ApiNoticiasBackendApplication in 4.395 seconds (process running for 5.014)
2024-12-02 21:26:44 DEBUG c.A.A.ApiNoticiasBackendApplication - error prueba
2024-12-02 21:40:34 INFO  c.A.A.ApiNoticiasBackendApplication - Starting ApiNoticiasBackendApplication using Java 21.0.5 with PID 45038 (/home/alfredo/Documentos/proyectos/proyectosGit/ProyectoAPINoticias---Integrador-1-Sis.-Software---51643/APINoticias-Backend/build/classes/java/main started by alfredo in /home/alfredo/Documentos/proyectos/proyectosGit/ProyectoAPINoticias---Integrador-1-Sis.-Software---51643/APINoticias-Backend)
2024-12-02 21:40:34 DEBUG c.A.A.ApiNoticiasBackendApplication - Running with Spring Boot v3.3.4, Spring v6.1.13
2024-12-02 21:40:34 INFO  c.A.A.ApiNoticiasBackendApplication - No active profile set, falling back to 1 default profile: "default"
2024-12-02 21:40:36 INFO  o.s.b.w.e.tomcat.TomcatWebServer - Tomcat initialized with port 8080 (http)
2024-12-02 21:40:36 INFO  o.a.coyote.http11.Http11NioProtocol - Initializing ProtocolHandler ["http-nio-8080"]
2024-12-02 21:40:36 INFO  o.a.catalina.core.StandardService - Starting service [Tomcat]
2024-12-02 21:40:36 INFO  o.a.catalina.core.StandardEngine - Starting Servlet engine: [Apache Tomcat/10.1.30]
2024-12-02 21:40:36 INFO  o.a.c.c.C.[Tomcat].[localhost].[/] - Initializing Spring embedded WebApplicationContext
2024-12-02 21:40:36 INFO  o.s.b.w.s.c.ServletWebServerApplicationContext - Root WebApplicationContext: initialization completed in 1921 ms
2024-12-02 21:40:36 INFO  c.A.A.R.LineaTiempoRepositorio - Repositorio LineaTiempo inicializado.
2024-12-02 21:40:36 INFO  c.A.A.R.LineaTiempoNoticiaRepositorio - Repositorio LineaTiempoNoticia inicializado.
2024-12-02 21:40:36 INFO  c.A.A.Repositorio.NoticiaRepositorio - Repositorio Noticia inicializado.
2024-12-02 21:40:36 INFO  c.A.A.Repositorio.UsuarioRepositorio - Repositorio Usuario inicializado.
2024-12-02 21:40:37 WARN  o.s.b.a.s.s.UserDetailsServiceAutoConfiguration - 

Using generated security password: 7262bfcc-9d32-4583-8688-e352c6a1b960

This generated password is for development use only. Your security configuration must be updated before running your application in production.

2024-12-02 21:40:37 INFO  o.s.s.c.a.a.c.InitializeUserDetailsBeanManagerConfigurer$InitializeUserDetailsManagerConfigurer - Global AuthenticationManager configured with UserDetailsService bean with name inMemoryUserDetailsManager
2024-12-02 21:40:37 INFO  o.a.coyote.http11.Http11NioProtocol - Starting ProtocolHandler ["http-nio-8080"]
2024-12-02 21:40:37 WARN  o.s.b.w.s.c.AnnotationConfigServletWebServerApplicationContext - Exception encountered during context initialization - cancelling refresh attempt: org.springframework.context.ApplicationContextException: Failed to start bean 'webServerStartStop'
2024-12-02 21:40:37 INFO  o.s.b.a.l.ConditionEvaluationReportLogger - 

Error starting ApplicationContext. To display the condition evaluation report re-run your application with 'debug' enabled.
2024-12-02 21:40:37 ERROR o.s.boot.SpringApplication - Application run failed
org.springframework.context.ApplicationContextException: Failed to start bean 'webServerStartStop'
	at org.springframework.context.support.DefaultLifecycleProcessor.doStart(DefaultLifecycleProcessor.java:288)
	at org.springframework.context.support.DefaultLifecycleProcessor$LifecycleGroup.start(DefaultLifecycleProcessor.java:472)
	at java.base/java.lang.Iterable.forEach(Iterable.java:75)
	at org.springframework.context.support.DefaultLifecycleProcessor.startBeans(DefaultLifecycleProcessor.java:257)
	at org.springframework.context.support.DefaultLifecycleProcessor.onRefresh(DefaultLifecycleProcessor.java:202)
	at org.springframework.context.support.AbstractApplicationContext.finishRefresh(AbstractApplicationContext.java:990)
	at org.springframework.context.support.AbstractApplicationContext.refresh(AbstractApplicationContext.java:628)
	at org.springframework.boot.web.servlet.context.ServletWebServerApplicationContext.refresh(ServletWebServerApplicationContext.java:146)
	at org.springframework.boot.SpringApplication.refresh(SpringApplication.java:754)
	at org.springframework.boot.SpringApplication.refreshContext(SpringApplication.java:456)
	at org.springframework.boot.SpringApplication.run(SpringApplication.java:335)
	at org.springframework.boot.SpringApplication.run(SpringApplication.java:1363)
	at org.springframework.boot.SpringApplication.run(SpringApplication.java:1352)
	at com.ApiNoticias.APINoticias_Backend.ApiNoticiasBackendApplication.main(ApiNoticiasBackendApplication.java:12)
Caused by: org.springframework.boot.web.server.WebServerException: Unable to start embedded Tomcat server
	at org.springframework.boot.web.embedded.tomcat.TomcatWebServer.start(TomcatWebServer.java:251)
	at org.springframework.boot.web.servlet.context.WebServerStartStopLifecycle.start(WebServerStartStopLifecycle.java:44)
	at org.springframework.context.support.DefaultLifecycleProcessor.doStart(DefaultLifecycleProcessor.java:285)
	... 13 common frames omitted
Caused by: java.lang.IllegalArgumentException: standardService.connector.startFailed
	at org.apache.catalina.core.StandardService.addConnector(StandardService.java:222)
	at org.springframework.boot.web.embedded.tomcat.TomcatWebServer.addPreviouslyRemovedConnectors(TomcatWebServer.java:310)
	at org.springframework.boot.web.embedded.tomcat.TomcatWebServer.start(TomcatWebServer.java:236)
	... 15 common frames omitted
Caused by: org.apache.catalina.LifecycleException: Protocol handler start failed
	at org.apache.catalina.connector.Connector.startInternal(Connector.java:1061)
	at org.apache.catalina.util.LifecycleBase.start(LifecycleBase.java:164)
	at org.apache.catalina.core.StandardService.addConnector(StandardService.java:219)
	... 17 common frames omitted
Caused by: java.net.BindException: La dirección ya se está usando
	at java.base/sun.nio.ch.Net.bind0(Native Method)
	at java.base/sun.nio.ch.Net.bind(Net.java:565)
	at java.base/sun.nio.ch.ServerSocketChannelImpl.netBind(ServerSocketChannelImpl.java:344)
	at java.base/sun.nio.ch.ServerSocketChannelImpl.bind(ServerSocketChannelImpl.java:301)
	at org.apache.tomcat.util.net.NioEndpoint.initServerSocket(NioEndpoint.java:239)
	at org.apache.tomcat.util.net.NioEndpoint.bind(NioEndpoint.java:194)
	at org.apache.tomcat.util.net.AbstractEndpoint.bindWithCleanup(AbstractEndpoint.java:1304)
	at org.apache.tomcat.util.net.AbstractEndpoint.start(AbstractEndpoint.java:1390)
	at org.apache.coyote.AbstractProtocol.start(AbstractProtocol.java:644)
	at org.apache.catalina.connector.Connector.startInternal(Connector.java:1058)
	... 19 common frames omitted
2024-12-02 22:00:02 INFO  c.A.A.ApiNoticiasBackendApplication - Starting ApiNoticiasBackendApplication using Java 21.0.5 with PID 46557 (/home/alfredo/Documentos/proyectos/proyectosGit/ProyectoAPINoticias---Integrador-1-Sis.-Software---51643/APINoticias-Backend/build/classes/java/main started by alfredo in /home/alfredo/Documentos/proyectos/proyectosGit/ProyectoAPINoticias---Integrador-1-Sis.-Software---51643/APINoticias-Backend)
2024-12-02 22:00:02 DEBUG c.A.A.ApiNoticiasBackendApplication - Running with Spring Boot v3.3.4, Spring v6.1.13
2024-12-02 22:00:02 INFO  c.A.A.ApiNoticiasBackendApplication - No active profile set, falling back to 1 default profile: "default"
2024-12-02 22:00:04 INFO  o.s.b.w.e.tomcat.TomcatWebServer - Tomcat initialized with port 8081 (http)
2024-12-02 22:00:04 INFO  o.a.coyote.http11.Http11NioProtocol - Initializing ProtocolHandler ["http-nio-8081"]
2024-12-02 22:00:04 INFO  o.a.catalina.core.StandardService - Starting service [Tomcat]
2024-12-02 22:00:04 INFO  o.a.catalina.core.StandardEngine - Starting Servlet engine: [Apache Tomcat/10.1.30]
2024-12-02 22:00:04 INFO  o.a.c.c.C.[Tomcat].[localhost].[/] - Initializing Spring embedded WebApplicationContext
2024-12-02 22:00:04 INFO  o.s.b.w.s.c.ServletWebServerApplicationContext - Root WebApplicationContext: initialization completed in 1950 ms
2024-12-02 22:00:04 INFO  c.A.A.R.LineaTiempoRepositorio - Repositorio LineaTiempo inicializado.
2024-12-02 22:00:04 INFO  c.A.A.R.LineaTiempoNoticiaRepositorio - Repositorio LineaTiempoNoticia inicializado.
2024-12-02 22:00:04 INFO  c.A.A.Repositorio.NoticiaRepositorio - Repositorio Noticia inicializado.
2024-12-02 22:00:04 INFO  c.A.A.Repositorio.UsuarioRepositorio - Repositorio Usuario inicializado.
2024-12-02 22:00:04 WARN  o.s.b.a.s.s.UserDetailsServiceAutoConfiguration - 

Using generated security password: db5816d2-9cc2-4e4f-b608-d4033ead305d

This generated password is for development use only. Your security configuration must be updated before running your application in production.

2024-12-02 22:00:04 INFO  o.s.s.c.a.a.c.InitializeUserDetailsBeanManagerConfigurer$InitializeUserDetailsManagerConfigurer - Global AuthenticationManager configured with UserDetailsService bean with name inMemoryUserDetailsManager
2024-12-02 22:00:05 INFO  o.a.coyote.http11.Http11NioProtocol - Starting ProtocolHandler ["http-nio-8081"]
2024-12-02 22:00:05 INFO  o.s.b.w.e.tomcat.TomcatWebServer - Tomcat started on port 8081 (http) with context path '/'
2024-12-02 22:00:05 INFO  c.A.A.ApiNoticiasBackendApplication - Started ApiNoticiasBackendApplication in 4.156 seconds (process running for 4.704)
2024-12-02 22:00:05 DEBUG c.A.A.ApiNoticiasBackendApplication - error prueba
